<?xml version="1.0" encoding="UTF-8"?>
<!-- Generated by org.testng.reporters.JUnitReportReporter -->
<testsuite skipped="0" hostname="MTLP-983" name="com.whatsapp.report.AccuWeatherReport" tests="2" failures="0" timestamp="2021-05-25T17:58:39 IST" time="88.882" errors="0">
  <testcase name="sendWhatsappMessage" time="59.635" classname="com.whatsapp.report.AccuWeatherReport"/>
  <system-out/>
  <testcase name="accuWeather" time="29.247" classname="com.whatsapp.report.AccuWeatherReport"/>
  <system-out/>
</testsuite> <!-- com.whatsapp.report.AccuWeatherReport -->
