<?xml version="1.0" encoding="UTF-8"?>
<!-- Generated by org.testng.reporters.JUnitReportReporter -->
<testsuite skipped="0" hostname="MTLP-983" name="com.weather.report.AccuWeatherReport" tests="2" failures="0" timestamp="2021-05-24T21:13:28 IST" time="70.459" errors="0">
  <testcase name="accuWeather" time="10.548" classname="com.weather.report.AccuWeatherReport"/>
  <system-out/>
  <testcase name="sendWhatsappMessage" time="59.911" classname="com.weather.report.AccuWeatherReport"/>
  <system-out/>
</testsuite> <!-- com.weather.report.AccuWeatherReport -->
