<?xml version="1.0" encoding="UTF-8"?>
<!-- Generated by org.testng.reporters.JUnitReportReporter -->
<testsuite skipped="0" hostname="MTLP-983" name="com.weather.report.LiveScore" tests="1" failures="0" timestamp="2021-05-25T16:42:54 IST" time="43.381" errors="0">
  <testcase name="sendLiveScore" time="43.381" classname="com.weather.report.LiveScore"/>
  <system-out/>
</testsuite> <!-- com.weather.report.LiveScore -->
