<?xml version="1.0" encoding="UTF-8"?>
<!-- Generated by org.testng.reporters.JUnitReportReporter -->
<testsuite skipped="0" hostname="MTLP-983" name="com.whatsapp.report.LiveScore" tests="1" failures="0" timestamp="2021-05-25T17:58:39 IST" time="41.938" errors="0">
  <testcase name="sendLiveScore" time="41.938" classname="com.whatsapp.report.LiveScore"/>
  <system-out/>
</testsuite> <!-- com.whatsapp.report.LiveScore -->
