<?xml version="1.0" encoding="UTF-8"?>
<!-- Generated by org.testng.reporters.JUnitReportReporter -->
<testsuite skipped="0" hostname="MTLP-983" name="com.weather.report.AccuWeatherLocation" tests="1" failures="0" timestamp="2021-05-25T15:38:33 IST" time="50.862" errors="0">
  <testcase name="searchByLocation" time="50.862" classname="com.weather.report.AccuWeatherLocation"/>
  <system-out/>
</testsuite> <!-- com.weather.report.AccuWeatherLocation -->
